TN:
SF:src/presentation/controllers/signup.ts
FN:11,SignUpController
FN:13,handle
FNF:2
FNH:2
FNDA:8,SignUpController
FNDA:8,handle
DA:1,1
DA:2,1
DA:3,1
DA:4,1
DA:5,1
DA:6,1
DA:7,1
DA:8,1
DA:9,1
DA:10,1
DA:11,1
DA:12,1
DA:13,1
DA:14,8
DA:15,8
DA:16,8
DA:17,8
DA:18,8
DA:19,8
DA:20,8
DA:21,8
DA:22,26
DA:23,4
DA:24,4
DA:25,26
DA:26,4
DA:27,8
DA:28,1
DA:29,1
DA:30,3
DA:31,8
DA:32,1
DA:33,1
DA:34,8
DA:35,1
DA:36,1
DA:37,8
DA:38,1
LF:38
LH:38
BRDA:11,0,0,8
BRDA:13,1,0,8
BRDA:21,2,0,26
BRDA:22,3,0,4
BRDA:26,4,0,4
BRDA:27,5,0,1
BRDA:30,6,0,3
BRDA:31,7,0,1
BRDA:34,8,0,1
BRF:9
BRH:9
end_of_record
